<?xml version="1.0" encoding="UTF-8"?>
<!-- Generated by org.testng.reporters.JUnitXMLReporter -->
<testsuite ignored="0" hostname="kairosHW0436" failures="1" tests="1" name="Test" time="15.435" errors="0" timestamp="2023-05-15T12:48:28 GMT+05:30">
  <testcase classname="testcase.Tc_logintest" name="logintest" time="8.318">
    <failure type="java.lang.AssertionError" message="expected [true] but found [false]">
      <![CDATA[java.lang.AssertionError: expected [true] but found [false]
at testcase.Tc_logintest.logintest(Tc_logintest.java:26)
at java.base/java.util.ArrayList.forEach(ArrayList.java:1511)
... Removed 31 stack frames]]>
    </failure>
  </testcase> <!-- logintest -->
</testsuite> <!-- Test -->
